<?xml version="1.0" encoding="UTF-8"?>
<!-- Generated by org.testng.reporters.JUnitXMLReporter -->
<testsuite ignored="1" hostname="DESKTOP-ET06HTJ" failures="0" tests="3" name="Grouping" time="0.09" errors="0" timestamp="2020-08-27T01:03:01 IST">
  <testcase classname="TestNG.TestNGrouping" name="Test1" time="0.012"/>
  <testcase classname="TestNG.TestNGrouping" name="Test2" time="0.002"/>
  <testcase classname="TestNG.TestNGrouping" name="Test3" time="0.003"/>
  <testcase classname="TestNG.TestNGrouping" name="Test4" time="0.0">
    <ignored/>
  </testcase> <!-- Test4 -->
</testsuite> <!-- Grouping -->
